c:\users\admin\onedrive - vnu-hcmus\hk1 - year2\lập trình hướng đối tượng\thực hành\mario_bros\marioclone\mario\vu_mario\release\vc143.pdb
c:\users\admin\onedrive - vnu-hcmus\hk1 - year2\lập trình hướng đối tượng\thực hành\mario_bros\marioclone\mario\vu_mario\release\collision.obj
c:\users\admin\onedrive - vnu-hcmus\hk1 - year2\lập trình hướng đối tượng\thực hành\mario_bros\marioclone\mario\vu_mario\release\coin.obj
c:\users\admin\onedrive - vnu-hcmus\hk1 - year2\lập trình hướng đối tượng\thực hành\mario_bros\marioclone\mario\vu_mario\release\cloud.obj
c:\users\admin\onedrive - vnu-hcmus\hk1 - year2\lập trình hướng đối tượng\thực hành\mario_bros\marioclone\mario\vu_mario\release\choosinglevelstate.obj
c:\users\admin\onedrive - vnu-hcmus\hk1 - year2\lập trình hướng đối tượng\thực hành\mario_bros\marioclone\mario\vu_mario\release\choosingcharacterstate.obj
c:\users\admin\onedrive - vnu-hcmus\hk1 - year2\lập trình hướng đối tượng\thực hành\mario_bros\marioclone\mario\vu_mario\release\character.obj
c:\users\admin\onedrive - vnu-hcmus\hk1 - year2\lập trình hướng đối tượng\thực hành\mario_bros\marioclone\mario\vu_mario\release\changingmapstate.obj
c:\users\admin\onedrive - vnu-hcmus\hk1 - year2\lập trình hướng đối tượng\thực hành\mario_bros\marioclone\mario\vu_mario\release\castle.obj
c:\users\admin\onedrive - vnu-hcmus\hk1 - year2\lập trình hướng đối tượng\thực hành\mario_bros\marioclone\mario\vu_mario\release\cactus.obj
c:\users\admin\onedrive - vnu-hcmus\hk1 - year2\lập trình hướng đối tượng\thực hành\mario_bros\marioclone\mario\vu_mario\release\bullet.obj
c:\users\admin\onedrive - vnu-hcmus\hk1 - year2\lập trình hướng đối tượng\thực hành\mario_bros\marioclone\mario\vu_mario\release\brick.obj
c:\users\admin\onedrive - vnu-hcmus\hk1 - year2\lập trình hướng đối tượng\thực hành\mario_bros\marioclone\mario\vu_mario\release\boss.obj
c:\users\admin\onedrive - vnu-hcmus\hk1 - year2\lập trình hướng đối tượng\thực hành\mario_bros\marioclone\mario\vu_mario\release\bonusbrick.obj
c:\users\admin\onedrive - vnu-hcmus\hk1 - year2\lập trình hướng đối tượng\thực hành\mario_bros\marioclone\mario\vu_mario\release\block.obj
c:\users\admin\onedrive - vnu-hcmus\hk1 - year2\lập trình hướng đối tượng\thực hành\mario_bros\marioclone\mario\vu_mario\release\bigmario.obj
c:\users\admin\onedrive - vnu-hcmus\hk1 - year2\lập trình hướng đối tượng\thực hành\mario_bros\marioclone\mario\vu_mario\release\basebrick.obj
c:\users\admin\onedrive - vnu-hcmus\hk1 - year2\lập trình hướng đối tượng\thực hành\mario_bros\marioclone\mario\vu_mario\release\automaticstrategy.obj
c:\users\admin\onedrive - vnu-hcmus\hk1 - year2\lập trình hướng đối tượng\thực hành\mario_bros\marioclone\mario\vu_mario\release\assetmanager.obj
c:\users\admin\onedrive - vnu-hcmus\hk1 - year2\lập trình hướng đối tượng\thực hành\mario_bros\marioclone\mario\vu_mario\release\animationstrategy.obj
c:\users\admin\onedrive - vnu-hcmus\hk1 - year2\lập trình hướng đối tượng\thực hành\mario_bros\marioclone\mario\vu_mario\release\animation.obj
c:\users\admin\onedrive - vnu-hcmus\hk1 - year2\lập trình hướng đối tượng\thực hành\mario_bros\marioclone\mario\vu_mario\release\luigi.obj
c:\users\admin\onedrive - vnu-hcmus\hk1 - year2\lập trình hướng đối tượng\thực hành\mario_bros\marioclone\mario\vu_mario\release\loginstate.obj
c:\users\admin\onedrive - vnu-hcmus\hk1 - year2\lập trình hướng đối tượng\thực hành\mario_bros\marioclone\mario\vu_mario\release\limitedtimestrategy.obj
c:\users\admin\onedrive - vnu-hcmus\hk1 - year2\lập trình hướng đối tượng\thực hành\mario_bros\marioclone\mario\vu_mario\release\koopatroopa.obj
c:\users\admin\onedrive - vnu-hcmus\hk1 - year2\lập trình hướng đối tượng\thực hành\mario_bros\marioclone\mario\vu_mario\release\keypressstrategy.obj
c:\users\admin\onedrive - vnu-hcmus\hk1 - year2\lập trình hướng đối tượng\thực hành\mario_bros\marioclone\mario\vu_mario\release\item.obj
c:\users\admin\onedrive - vnu-hcmus\hk1 - year2\lập trình hướng đối tượng\thực hành\mario_bros\marioclone\mario\vu_mario\release\indestructiblebrick.obj
c:\users\admin\onedrive - vnu-hcmus\hk1 - year2\lập trình hướng đối tượng\thực hành\mario_bros\marioclone\mario\vu_mario\release\horizontalpipe.obj
c:\users\admin\onedrive - vnu-hcmus\hk1 - year2\lập trình hướng đối tượng\thực hành\mario_bros\marioclone\mario\vu_mario\release\ground.obj
c:\users\admin\onedrive - vnu-hcmus\hk1 - year2\lập trình hướng đối tượng\thực hành\mario_bros\marioclone\mario\vu_mario\release\goomba.obj
c:\users\admin\onedrive - vnu-hcmus\hk1 - year2\lập trình hướng đối tượng\thực hành\mario_bros\marioclone\mario\vu_mario\release\goodmushroom.obj
c:\users\admin\onedrive - vnu-hcmus\hk1 - year2\lập trình hướng đối tượng\thực hành\mario_bros\marioclone\mario\vu_mario\release\goodbullet.obj
c:\users\admin\onedrive - vnu-hcmus\hk1 - year2\lập trình hướng đối tượng\thực hành\mario_bros\marioclone\mario\vu_mario\release\gamestate.obj
c:\users\admin\onedrive - vnu-hcmus\hk1 - year2\lập trình hướng đối tượng\thực hành\mario_bros\marioclone\mario\vu_mario\release\gameoverstate.obj
c:\users\admin\onedrive - vnu-hcmus\hk1 - year2\lập trình hướng đối tượng\thực hành\mario_bros\marioclone\mario\vu_mario\release\game.obj
c:\users\admin\onedrive - vnu-hcmus\hk1 - year2\lập trình hướng đối tượng\thực hành\mario_bros\marioclone\mario\vu_mario\release\flower.obj
c:\users\admin\onedrive - vnu-hcmus\hk1 - year2\lập trình hướng đối tượng\thực hành\mario_bros\marioclone\mario\vu_mario\release\flag.obj
c:\users\admin\onedrive - vnu-hcmus\hk1 - year2\lập trình hướng đối tượng\thực hành\mario_bros\marioclone\mario\vu_mario\release\firesequence.obj
c:\users\admin\onedrive - vnu-hcmus\hk1 - year2\lập trình hướng đối tượng\thực hành\mario_bros\marioclone\mario\vu_mario\release\firemario.obj
c:\users\admin\onedrive - vnu-hcmus\hk1 - year2\lập trình hướng đối tượng\thực hành\mario_bros\marioclone\mario\vu_mario\release\congratulationstate.obj
c:\users\admin\onedrive - vnu-hcmus\hk1 - year2\lập trình hướng đối tượng\thực hành\mario_bros\marioclone\mario\vu_mario\release\worldobject.obj
c:\users\admin\onedrive - vnu-hcmus\hk1 - year2\lập trình hướng đối tượng\thực hành\mario_bros\marioclone\mario\vu_mario\release\view.obj
c:\users\admin\onedrive - vnu-hcmus\hk1 - year2\lập trình hướng đối tượng\thực hành\mario_bros\marioclone\mario\vu_mario\release\verticalpipe.obj
c:\users\admin\onedrive - vnu-hcmus\hk1 - year2\lập trình hướng đối tượng\thực hành\mario_bros\marioclone\mario\vu_mario\release\tree.obj
c:\users\admin\onedrive - vnu-hcmus\hk1 - year2\lập trình hướng đối tượng\thực hành\mario_bros\marioclone\mario\vu_mario\release\supermario.obj
c:\users\admin\onedrive - vnu-hcmus\hk1 - year2\lập trình hướng đối tượng\thực hành\mario_bros\marioclone\mario\vu_mario\release\stick.obj
c:\users\admin\onedrive - vnu-hcmus\hk1 - year2\lập trình hướng đối tượng\thực hành\mario_bros\marioclone\mario\vu_mario\release\star.obj
c:\users\admin\onedrive - vnu-hcmus\hk1 - year2\lập trình hướng đối tượng\thực hành\mario_bros\marioclone\mario\vu_mario\release\sound.obj
c:\users\admin\onedrive - vnu-hcmus\hk1 - year2\lập trình hướng đối tượng\thực hành\mario_bros\marioclone\mario\vu_mario\release\playingstateobserver.obj
c:\users\admin\onedrive - vnu-hcmus\hk1 - year2\lập trình hướng đối tượng\thực hành\mario_bros\marioclone\mario\vu_mario\release\playingstate.obj
c:\users\admin\onedrive - vnu-hcmus\hk1 - year2\lập trình hướng đối tượng\thực hành\mario_bros\marioclone\mario\vu_mario\release\playablecharacterobserver.obj
c:\users\admin\onedrive - vnu-hcmus\hk1 - year2\lập trình hướng đối tượng\thực hành\mario_bros\marioclone\mario\vu_mario\release\playablecharacter.obj
c:\users\admin\onedrive - vnu-hcmus\hk1 - year2\lập trình hướng đối tượng\thực hành\mario_bros\marioclone\mario\vu_mario\release\observer.obj
c:\users\admin\onedrive - vnu-hcmus\hk1 - year2\lập trình hướng đối tượng\thực hành\mario_bros\marioclone\mario\vu_mario\release\nonplayablecharacter.obj
c:\users\admin\onedrive - vnu-hcmus\hk1 - year2\lập trình hướng đối tượng\thực hành\mario_bros\marioclone\mario\vu_mario\release\mountain.obj
c:\users\admin\onedrive - vnu-hcmus\hk1 - year2\lập trình hướng đối tượng\thực hành\mario_bros\marioclone\mario\vu_mario\release\menustate.obj
c:\users\admin\onedrive - vnu-hcmus\hk1 - year2\lập trình hướng đối tượng\thực hành\mario_bros\marioclone\mario\vu_mario\release\mario.obj
c:\users\admin\onedrive - vnu-hcmus\hk1 - year2\lập trình hướng đối tượng\thực hành\mario_bros\marioclone\mario\vu_mario\release\main.obj
c:\users\admin\onedrive - vnu-hcmus\hk1 - year2\lập trình hướng đối tượng\thực hành\mario_bros\marioclone\mario\release\vu_mario.exe
c:\users\admin\onedrive - vnu-hcmus\hk1 - year2\lập trình hướng đối tượng\thực hành\mario_bros\marioclone\mario\vu_mario\release\vu_mario.ipdb
c:\users\admin\onedrive - vnu-hcmus\hk1 - year2\lập trình hướng đối tượng\thực hành\mario_bros\marioclone\mario\vu_mario\release\vu_mario.iobj
c:\users\admin\onedrive - vnu-hcmus\hk1 - year2\lập trình hướng đối tượng\thực hành\mario_bros\marioclone\mario\release\vu_mario.pdb
c:\users\admin\onedrive - vnu-hcmus\hk1 - year2\lập trình hướng đối tượng\thực hành\mario_bros\marioclone\mario\vu_mario\release\vu_mario.tlog\cl.command.1.tlog
c:\users\admin\onedrive - vnu-hcmus\hk1 - year2\lập trình hướng đối tượng\thực hành\mario_bros\marioclone\mario\vu_mario\release\vu_mario.tlog\cl.items.tlog
c:\users\admin\onedrive - vnu-hcmus\hk1 - year2\lập trình hướng đối tượng\thực hành\mario_bros\marioclone\mario\vu_mario\release\vu_mario.tlog\cl.read.1.tlog
c:\users\admin\onedrive - vnu-hcmus\hk1 - year2\lập trình hướng đối tượng\thực hành\mario_bros\marioclone\mario\vu_mario\release\vu_mario.tlog\cl.write.1.tlog
c:\users\admin\onedrive - vnu-hcmus\hk1 - year2\lập trình hướng đối tượng\thực hành\mario_bros\marioclone\mario\vu_mario\release\vu_mario.tlog\link.command.1.tlog
c:\users\admin\onedrive - vnu-hcmus\hk1 - year2\lập trình hướng đối tượng\thực hành\mario_bros\marioclone\mario\vu_mario\release\vu_mario.tlog\link.read.1.tlog
c:\users\admin\onedrive - vnu-hcmus\hk1 - year2\lập trình hướng đối tượng\thực hành\mario_bros\marioclone\mario\vu_mario\release\vu_mario.tlog\link.write.1.tlog
