  PlayingState.cpp
D:\MARIO\VU_MARIO\PlayingState.cpp(39,72): warning C4244: 'argument': conversion from 'T' to 'T', possible loss of data
D:\MARIO\VU_MARIO\PlayingState.cpp(39,72): warning C4244:         with
D:\MARIO\VU_MARIO\PlayingState.cpp(39,72): warning C4244:         [
D:\MARIO\VU_MARIO\PlayingState.cpp(39,72): warning C4244:             T=unsigned int
D:\MARIO\VU_MARIO\PlayingState.cpp(39,72): warning C4244:         ]
D:\MARIO\VU_MARIO\PlayingState.cpp(39,72): warning C4244:         and
D:\MARIO\VU_MARIO\PlayingState.cpp(39,72): warning C4244:         [
D:\MARIO\VU_MARIO\PlayingState.cpp(39,72): warning C4244:             T=float
D:\MARIO\VU_MARIO\PlayingState.cpp(39,72): warning C4244:         ]
D:\MARIO\VU_MARIO\PlayingState.cpp(39,51): warning C4244: 'argument': conversion from 'T' to 'T', possible loss of data
D:\MARIO\VU_MARIO\PlayingState.cpp(39,51): warning C4244:         with
D:\MARIO\VU_MARIO\PlayingState.cpp(39,51): warning C4244:         [
D:\MARIO\VU_MARIO\PlayingState.cpp(39,51): warning C4244:             T=unsigned int
D:\MARIO\VU_MARIO\PlayingState.cpp(39,51): warning C4244:         ]
D:\MARIO\VU_MARIO\PlayingState.cpp(39,51): warning C4244:         and
D:\MARIO\VU_MARIO\PlayingState.cpp(39,51): warning C4244:         [
D:\MARIO\VU_MARIO\PlayingState.cpp(39,51): warning C4244:             T=float
D:\MARIO\VU_MARIO\PlayingState.cpp(39,51): warning C4244:         ]
D:\MARIO\VU_MARIO\PlayingState.cpp(183,20): warning C4018: '<': signed/unsigned mismatch
D:\MARIO\VU_MARIO\PlayingState.cpp(194,20): warning C4018: '<': signed/unsigned mismatch
D:\MARIO\VU_MARIO\PlayingState.cpp(203,20): warning C4018: '<': signed/unsigned mismatch
D:\MARIO\VU_MARIO\PlayingState.cpp(211,20): warning C4018: '<': signed/unsigned mismatch
D:\MARIO\VU_MARIO\PlayingState.cpp(219,20): warning C4018: '<': signed/unsigned mismatch
D:\MARIO\VU_MARIO\PlayingState.cpp(225,20): warning C4018: '<': signed/unsigned mismatch
D:\MARIO\VU_MARIO\PlayingState.cpp(232,20): warning C4018: '<': signed/unsigned mismatch
D:\MARIO\VU_MARIO\PlayingState.cpp(239,20): warning C4018: '<': signed/unsigned mismatch
D:\MARIO\VU_MARIO\PlayingState.cpp(386,126): warning C4244: 'argument': conversion from 'float' to 'const int', possible loss of data
D:\MARIO\VU_MARIO\PlayingState.cpp(412,24): warning C4305: 'argument': truncation from 'double' to 'float'
D:\MARIO\VU_MARIO\GameState.h(92,20): warning C4018: '<': signed/unsigned mismatch
  (compiling source file 'PlayingState.cpp')
      D:\MARIO\VU_MARIO\GameState.h(92,20):
      the template instantiation context (the oldest one first) is
          D:\MARIO\VU_MARIO\PlayingState.cpp(336,2):
          see reference to function template instantiation 'void GameState::draw<sf::Text>(sf::RenderWindow *,std::vector<sf::Text,std::allocator<sf::Text>> &)' being compiled
  
  Generating code
  2 of 1974 functions ( 0.1%) were compiled, the rest were copied from previous compilation.
    0 functions were new in current compilation
    3 functions had inline decision re-evaluated but remain unchanged
  Finished generating code
  VU_MARIO.vcxproj -> D:\MARIO\Release\VU_MARIO.exe
