  Block.cpp
  Coin.cpp
  Collision.cpp
  Game.cpp
  Goomba.cpp
  KoopaTroopa.cpp
C:\Users\Admin\OneDrive - VNU-HCMUS\HK1 - Year2\Lập trình hướng đối tượng\Thực hành\Mario_Bros\MarioClone\MARIO\VU_MARIO\KoopaTroopa.cpp(23,18): warning C4305: 'argument': truncation from 'double' to 'const float'
  NonPlayableCharacter.cpp
C:\Users\Admin\OneDrive - VNU-HCMUS\HK1 - Year2\Lập trình hướng đối tượng\Thực hành\Mario_Bros\MarioClone\MARIO\VU_MARIO\NonPlayableCharacter.cpp(37,93): warning C4305: 'argument': truncation from 'double' to 'const float'
C:\Users\Admin\OneDrive - VNU-HCMUS\HK1 - Year2\Lập trình hướng đối tượng\Thực hành\Mario_Bros\MarioClone\MARIO\VU_MARIO\NonPlayableCharacter.cpp(37,152): warning C4305: 'argument': truncation from 'double' to 'const float'
C:\Users\Admin\OneDrive - VNU-HCMUS\HK1 - Year2\Lập trình hướng đối tượng\Thực hành\Mario_Bros\MarioClone\MARIO\VU_MARIO\NonPlayableCharacter.cpp(108,25): warning C4305: '*=': truncation from 'double' to 'float'
  PlayableCharacter.cpp
C:\Users\Admin\OneDrive - VNU-HCMUS\HK1 - Year2\Lập trình hướng đối tượng\Thực hành\Mario_Bros\MarioClone\MARIO\VU_MARIO\PlayableCharacter.cpp(162,90): warning C4305: 'argument': truncation from 'double' to 'const float'
C:\Users\Admin\OneDrive - VNU-HCMUS\HK1 - Year2\Lập trình hướng đối tượng\Thực hành\Mario_Bros\MarioClone\MARIO\VU_MARIO\PlayableCharacter.cpp(162,154): warning C4305: 'argument': truncation from 'double' to 'const float'
C:\Users\Admin\OneDrive - VNU-HCMUS\HK1 - Year2\Lập trình hướng đối tượng\Thực hành\Mario_Bros\MarioClone\MARIO\VU_MARIO\PlayableCharacter.cpp(162,216): warning C4305: 'argument': truncation from 'double' to 'const float'
  PlayingState.cpp
C:\Users\Admin\OneDrive - VNU-HCMUS\HK1 - Year2\Lập trình hướng đối tượng\Thực hành\Mario_Bros\MarioClone\MARIO\VU_MARIO\PlayingState.cpp(27,72): warning C4244: 'argument': conversion from 'T' to 'T', possible loss of data
          with
          [
              T=unsigned int
          ]
          and
          [
              T=float
          ]
C:\Users\Admin\OneDrive - VNU-HCMUS\HK1 - Year2\Lập trình hướng đối tượng\Thực hành\Mario_Bros\MarioClone\MARIO\VU_MARIO\PlayingState.cpp(27,51): warning C4244: 'argument': conversion from 'T' to 'T', possible loss of data
          with
          [
              T=unsigned int
          ]
          and
          [
              T=float
          ]
C:\Users\Admin\OneDrive - VNU-HCMUS\HK1 - Year2\Lập trình hướng đối tượng\Thực hành\Mario_Bros\MarioClone\MARIO\VU_MARIO\PlayingState.cpp(161,20): warning C4018: '<': signed/unsigned mismatch
C:\Users\Admin\OneDrive - VNU-HCMUS\HK1 - Year2\Lập trình hướng đối tượng\Thực hành\Mario_Bros\MarioClone\MARIO\VU_MARIO\PlayingState.cpp(169,20): warning C4018: '<': signed/unsigned mismatch
C:\Users\Admin\OneDrive - VNU-HCMUS\HK1 - Year2\Lập trình hướng đối tượng\Thực hành\Mario_Bros\MarioClone\MARIO\VU_MARIO\PlayingState.cpp(177,20): warning C4018: '<': signed/unsigned mismatch
C:\Users\Admin\OneDrive - VNU-HCMUS\HK1 - Year2\Lập trình hướng đối tượng\Thực hành\Mario_Bros\MarioClone\MARIO\VU_MARIO\PlayingState.cpp(185,20): warning C4018: '<': signed/unsigned mismatch
  PlayingStateObserver.cpp
  Generating Code...
  VU_MARIO.vcxproj -> C:\Users\Admin\OneDrive - VNU-HCMUS\HK1 - Year2\Lập trình hướng đối tượng\Thực hành\Mario_Bros\MarioClone\MARIO\Debug\VU_MARIO.exe
