  Animation.cpp
C:\Users\Admin\OneDrive - VNU-HCMUS\HK1 - Year2\Lập trình hướng đối tượng\Thực hành\Mario_Bros\MarioClone\MARIO\VU_MARIO\Animation.h(2,9): fatal  error C1083: Cannot open include file: 'SFML/Graphics.hpp': No such file or directory
  AnimationStrategy.cpp
C:\Users\Admin\OneDrive - VNU-HCMUS\HK1 - Year2\Lập trình hướng đối tượng\Thực hành\Mario_Bros\MarioClone\MARIO\VU_MARIO\AnimationStrategy.h(3,10): fatal  error C1083: Cannot open include file: 'SFML/Graphics.hpp': No such file or directory
  AssetManager.cpp
C:\Users\Admin\OneDrive - VNU-HCMUS\HK1 - Year2\Lập trình hướng đối tượng\Thực hành\Mario_Bros\MarioClone\MARIO\VU_MARIO\AssetManager.h(7,9): fatal  error C1083: Cannot open include file: 'SFML/Graphics.hpp': No such file or directory
  AutomaticStrategy.cpp
C:\Users\Admin\OneDrive - VNU-HCMUS\HK1 - Year2\Lập trình hướng đối tượng\Thực hành\Mario_Bros\MarioClone\MARIO\VU_MARIO\AnimationStrategy.h(3,10): fatal  error C1083: Cannot open include file: 'SFML/Graphics.hpp': No such file or directory
  BaseBrick.cpp
C:\Users\Admin\OneDrive - VNU-HCMUS\HK1 - Year2\Lập trình hướng đối tượng\Thực hành\Mario_Bros\MarioClone\MARIO\VU_MARIO\Block.h(3,10): fatal  error C1083: Cannot open include file: 'SFML/Graphics.hpp': No such file or directory
  Block.cpp
C:\Users\Admin\OneDrive - VNU-HCMUS\HK1 - Year2\Lập trình hướng đối tượng\Thực hành\Mario_Bros\MarioClone\MARIO\VU_MARIO\Block.h(3,10): fatal  error C1083: Cannot open include file: 'SFML/Graphics.hpp': No such file or directory
  BonusBrick.cpp
C:\Users\Admin\OneDrive - VNU-HCMUS\HK1 - Year2\Lập trình hướng đối tượng\Thực hành\Mario_Bros\MarioClone\MARIO\VU_MARIO\Block.h(3,10): fatal  error C1083: Cannot open include file: 'SFML/Graphics.hpp': No such file or directory
  Brick.cpp
C:\Users\Admin\OneDrive - VNU-HCMUS\HK1 - Year2\Lập trình hướng đối tượng\Thực hành\Mario_Bros\MarioClone\MARIO\VU_MARIO\Block.h(3,10): fatal  error C1083: Cannot open include file: 'SFML/Graphics.hpp': No such file or directory
  Castle.cpp
C:\Users\Admin\OneDrive - VNU-HCMUS\HK1 - Year2\Lập trình hướng đối tượng\Thực hành\Mario_Bros\MarioClone\MARIO\VU_MARIO\Block.h(3,10): fatal  error C1083: Cannot open include file: 'SFML/Graphics.hpp': No such file or directory
  Character.cpp
C:\Users\Admin\OneDrive - VNU-HCMUS\HK1 - Year2\Lập trình hướng đối tượng\Thực hành\Mario_Bros\MarioClone\MARIO\VU_MARIO\Character.h(2,10): fatal  error C1083: Cannot open include file: 'SFML/Graphics.hpp': No such file or directory
  Cloud.cpp
C:\Users\Admin\OneDrive - VNU-HCMUS\HK1 - Year2\Lập trình hướng đối tượng\Thực hành\Mario_Bros\MarioClone\MARIO\VU_MARIO\Block.h(3,10): fatal  error C1083: Cannot open include file: 'SFML/Graphics.hpp': No such file or directory
  Coin.cpp
C:\Users\Admin\OneDrive - VNU-HCMUS\HK1 - Year2\Lập trình hướng đối tượng\Thực hành\Mario_Bros\MarioClone\MARIO\VU_MARIO\Item.h(2,10): fatal  error C1083: Cannot open include file: 'SFML/Graphics.hpp': No such file or directory
  Collision.cpp
C:\Users\Admin\OneDrive - VNU-HCMUS\HK1 - Year2\Lập trình hướng đối tượng\Thực hành\Mario_Bros\MarioClone\MARIO\VU_MARIO\Observer.h(2,10): fatal  error C1083: Cannot open include file: 'SFML/Graphics.hpp': No such file or directory
  Flag.cpp
C:\Users\Admin\OneDrive - VNU-HCMUS\HK1 - Year2\Lập trình hướng đối tượng\Thực hành\Mario_Bros\MarioClone\MARIO\VU_MARIO\Block.h(3,10): fatal  error C1083: Cannot open include file: 'SFML/Graphics.hpp': No such file or directory
  Flower.cpp
C:\Users\Admin\OneDrive - VNU-HCMUS\HK1 - Year2\Lập trình hướng đối tượng\Thực hành\Mario_Bros\MarioClone\MARIO\VU_MARIO\Item.h(2,10): fatal  error C1083: Cannot open include file: 'SFML/Graphics.hpp': No such file or directory
  Game.cpp
C:\Users\Admin\OneDrive - VNU-HCMUS\HK1 - Year2\Lập trình hướng đối tượng\Thực hành\Mario_Bros\MarioClone\MARIO\VU_MARIO\Game.h(2,10): fatal  error C1083: Cannot open include file: 'SFML/Graphics.hpp': No such file or directory
  GameState.cpp
C:\Users\Admin\OneDrive - VNU-HCMUS\HK1 - Year2\Lập trình hướng đối tượng\Thực hành\Mario_Bros\MarioClone\MARIO\VU_MARIO\GameState.h(2,9): fatal  error C1083: Cannot open include file: 'SFML/Graphics.hpp': No such file or directory
  GoodMushroom.cpp
C:\Users\Admin\OneDrive - VNU-HCMUS\HK1 - Year2\Lập trình hướng đối tượng\Thực hành\Mario_Bros\MarioClone\MARIO\VU_MARIO\Item.h(2,10): fatal  error C1083: Cannot open include file: 'SFML/Graphics.hpp': No such file or directory
  Goomba.cpp
C:\Users\Admin\OneDrive - VNU-HCMUS\HK1 - Year2\Lập trình hướng đối tượng\Thực hành\Mario_Bros\MarioClone\MARIO\VU_MARIO\Character.h(2,10): fatal  error C1083: Cannot open include file: 'SFML/Graphics.hpp': No such file or directory
  Ground.cpp
C:\Users\Admin\OneDrive - VNU-HCMUS\HK1 - Year2\Lập trình hướng đối tượng\Thực hành\Mario_Bros\MarioClone\MARIO\VU_MARIO\Block.h(3,10): fatal  error C1083: Cannot open include file: 'SFML/Graphics.hpp': No such file or directory
  Generating Code...
  Compiling...
  HorizontalPipe.cpp
C:\Users\Admin\OneDrive - VNU-HCMUS\HK1 - Year2\Lập trình hướng đối tượng\Thực hành\Mario_Bros\MarioClone\MARIO\VU_MARIO\Block.h(3,10): fatal  error C1083: Cannot open include file: 'SFML/Graphics.hpp': No such file or directory
  IndestructibleBrick.cpp
C:\Users\Admin\OneDrive - VNU-HCMUS\HK1 - Year2\Lập trình hướng đối tượng\Thực hành\Mario_Bros\MarioClone\MARIO\VU_MARIO\Block.h(3,10): fatal  error C1083: Cannot open include file: 'SFML/Graphics.hpp': No such file or directory
  Item.cpp
C:\Users\Admin\OneDrive - VNU-HCMUS\HK1 - Year2\Lập trình hướng đối tượng\Thực hành\Mario_Bros\MarioClone\MARIO\VU_MARIO\Item.h(2,10): fatal  error C1083: Cannot open include file: 'SFML/Graphics.hpp': No such file or directory
  KeyPressStrategy.cpp
C:\Users\Admin\OneDrive - VNU-HCMUS\HK1 - Year2\Lập trình hướng đối tượng\Thực hành\Mario_Bros\MarioClone\MARIO\VU_MARIO\AnimationStrategy.h(3,10): fatal  error C1083: Cannot open include file: 'SFML/Graphics.hpp': No such file or directory
  KoopaTroopa.cpp
C:\Users\Admin\OneDrive - VNU-HCMUS\HK1 - Year2\Lập trình hướng đối tượng\Thực hành\Mario_Bros\MarioClone\MARIO\VU_MARIO\Character.h(2,10): fatal  error C1083: Cannot open include file: 'SFML/Graphics.hpp': No such file or directory
  LimitedTimeStrategy.cpp
C:\Users\Admin\OneDrive - VNU-HCMUS\HK1 - Year2\Lập trình hướng đối tượng\Thực hành\Mario_Bros\MarioClone\MARIO\VU_MARIO\AnimationStrategy.h(3,10): fatal  error C1083: Cannot open include file: 'SFML/Graphics.hpp': No such file or directory
  Luigi.cpp
C:\Users\Admin\OneDrive - VNU-HCMUS\HK1 - Year2\Lập trình hướng đối tượng\Thực hành\Mario_Bros\MarioClone\MARIO\VU_MARIO\Character.h(2,10): fatal  error C1083: Cannot open include file: 'SFML/Graphics.hpp': No such file or directory
  main.cpp
C:\Users\Admin\OneDrive - VNU-HCMUS\HK1 - Year2\Lập trình hướng đối tượng\Thực hành\Mario_Bros\MarioClone\MARIO\VU_MARIO\main.cpp(1,10): fatal  error C1083: Cannot open include file: 'SFML/Graphics.hpp': No such file or directory
  Mario.cpp
C:\Users\Admin\OneDrive - VNU-HCMUS\HK1 - Year2\Lập trình hướng đối tượng\Thực hành\Mario_Bros\MarioClone\MARIO\VU_MARIO\Character.h(2,10): fatal  error C1083: Cannot open include file: 'SFML/Graphics.hpp': No such file or directory
  MenuState.cpp
C:\Users\Admin\OneDrive - VNU-HCMUS\HK1 - Year2\Lập trình hướng đối tượng\Thực hành\Mario_Bros\MarioClone\MARIO\VU_MARIO\GameState.h(2,9): fatal  error C1083: Cannot open include file: 'SFML/Graphics.hpp': No such file or directory
  Mountain.cpp
C:\Users\Admin\OneDrive - VNU-HCMUS\HK1 - Year2\Lập trình hướng đối tượng\Thực hành\Mario_Bros\MarioClone\MARIO\VU_MARIO\Block.h(3,10): fatal  error C1083: Cannot open include file: 'SFML/Graphics.hpp': No such file or directory
  NonPlayableCharacter.cpp
C:\Users\Admin\OneDrive - VNU-HCMUS\HK1 - Year2\Lập trình hướng đối tượng\Thực hành\Mario_Bros\MarioClone\MARIO\VU_MARIO\Character.h(2,10): fatal  error C1083: Cannot open include file: 'SFML/Graphics.hpp': No such file or directory
  Observer.cpp
C:\Users\Admin\OneDrive - VNU-HCMUS\HK1 - Year2\Lập trình hướng đối tượng\Thực hành\Mario_Bros\MarioClone\MARIO\VU_MARIO\Observer.h(2,10): fatal  error C1083: Cannot open include file: 'SFML/Graphics.hpp': No such file or directory
  PlayableCharacter.cpp
C:\Users\Admin\OneDrive - VNU-HCMUS\HK1 - Year2\Lập trình hướng đối tượng\Thực hành\Mario_Bros\MarioClone\MARIO\VU_MARIO\Character.h(2,10): fatal  error C1083: Cannot open include file: 'SFML/Graphics.hpp': No such file or directory
  PlayableCharacterObserver.cpp
C:\Users\Admin\OneDrive - VNU-HCMUS\HK1 - Year2\Lập trình hướng đối tượng\Thực hành\Mario_Bros\MarioClone\MARIO\VU_MARIO\Observer.h(2,10): fatal  error C1083: Cannot open include file: 'SFML/Graphics.hpp': No such file or directory
  PlayingState.cpp
C:\Users\Admin\OneDrive - VNU-HCMUS\HK1 - Year2\Lập trình hướng đối tượng\Thực hành\Mario_Bros\MarioClone\MARIO\VU_MARIO\GameState.h(2,9): fatal  error C1083: Cannot open include file: 'SFML/Graphics.hpp': No such file or directory
  PlayingStateObserver.cpp
C:\Users\Admin\OneDrive - VNU-HCMUS\HK1 - Year2\Lập trình hướng đối tượng\Thực hành\Mario_Bros\MarioClone\MARIO\VU_MARIO\Observer.h(2,10): fatal  error C1083: Cannot open include file: 'SFML/Graphics.hpp': No such file or directory
  Sound.cpp
C:\Users\Admin\OneDrive - VNU-HCMUS\HK1 - Year2\Lập trình hướng đối tượng\Thực hành\Mario_Bros\MarioClone\MARIO\VU_MARIO\Sound.h(2,9): fatal  error C1083: Cannot open include file: 'SFML/Audio.hpp': No such file or directory
  Star.cpp
C:\Users\Admin\OneDrive - VNU-HCMUS\HK1 - Year2\Lập trình hướng đối tượng\Thực hành\Mario_Bros\MarioClone\MARIO\VU_MARIO\Item.h(2,10): fatal  error C1083: Cannot open include file: 'SFML/Graphics.hpp': No such file or directory
  Stick.cpp
C:\Users\Admin\OneDrive - VNU-HCMUS\HK1 - Year2\Lập trình hướng đối tượng\Thực hành\Mario_Bros\MarioClone\MARIO\VU_MARIO\Block.h(3,10): fatal  error C1083: Cannot open include file: 'SFML/Graphics.hpp': No such file or directory
  Generating Code...
  Compiling...
  Tree.cpp
C:\Users\Admin\OneDrive - VNU-HCMUS\HK1 - Year2\Lập trình hướng đối tượng\Thực hành\Mario_Bros\MarioClone\MARIO\VU_MARIO\Block.h(3,10): fatal  error C1083: Cannot open include file: 'SFML/Graphics.hpp': No such file or directory
  VerticalPipe.cpp
C:\Users\Admin\OneDrive - VNU-HCMUS\HK1 - Year2\Lập trình hướng đối tượng\Thực hành\Mario_Bros\MarioClone\MARIO\VU_MARIO\Block.h(3,10): fatal  error C1083: Cannot open include file: 'SFML/Graphics.hpp': No such file or directory
  View.cpp
C:\Users\Admin\OneDrive - VNU-HCMUS\HK1 - Year2\Lập trình hướng đối tượng\Thực hành\Mario_Bros\MarioClone\MARIO\VU_MARIO\View.h(1,10): fatal  error C1083: Cannot open include file: 'SFML/Graphics.hpp': No such file or directory
  Generating Code...
